Using pre-set license
Built from '2022.3/staging' branch; Version is '2022.3.16f1 (d2c21f0ef2f1) revision 13812255'; Using compiler version '192829333'; Build Type 'Release'
OS: 'Windows 10  (10.0.19045) 64bit CoreSingleLanguage' Language: 'en' Physical Memory: 7563 MB
BatchMode: 1, IsHumanControllingUs: 0, StartBugReporterOnCrash: 0, Is64bit: 1, IsPro: 1

COMMAND LINE ARGUMENTS:
C:\Program Files\Unity\Hub\Editor\2022.3.16f1\Editor\Unity.exe
-adb2
-batchMode
-noUpm
-name
AssetImportWorker2
-projectPath
E:/PRU212/PRU
-logFile
Logs/AssetImportWorker2.log
-srvPort
52589
Successfully changed project path to: E:/PRU212/PRU
E:/PRU212/PRU
[UnityMemory] Configuration Parameters - Can be set up in boot.config
    "memorysetup-bucket-allocator-granularity=16"
    "memorysetup-bucket-allocator-bucket-count=8"
    "memorysetup-bucket-allocator-block-size=33554432"
    "memorysetup-bucket-allocator-block-count=8"
    "memorysetup-main-allocator-block-size=16777216"
    "memorysetup-thread-allocator-block-size=16777216"
    "memorysetup-gfx-main-allocator-block-size=16777216"
    "memorysetup-gfx-thread-allocator-block-size=16777216"
    "memorysetup-cache-allocator-block-size=4194304"
    "memorysetup-typetree-allocator-block-size=2097152"
    "memorysetup-profiler-bucket-allocator-granularity=16"
    "memorysetup-profiler-bucket-allocator-bucket-count=8"
    "memorysetup-profiler-bucket-allocator-block-size=33554432"
    "memorysetup-profiler-bucket-allocator-block-count=8"
    "memorysetup-profiler-allocator-block-size=16777216"
    "memorysetup-profiler-editor-allocator-block-size=1048576"
    "memorysetup-temp-allocator-size-main=16777216"
    "memorysetup-job-temp-allocator-block-size=2097152"
    "memorysetup-job-temp-allocator-block-size-background=1048576"
    "memorysetup-job-temp-allocator-reduction-small-platforms=262144"
    "memorysetup-allocator-temp-initial-block-size-main=262144"
    "memorysetup-allocator-temp-initial-block-size-worker=262144"
    "memorysetup-temp-allocator-size-background-worker=32768"
    "memorysetup-temp-allocator-size-job-worker=262144"
    "memorysetup-temp-allocator-size-preload-manager=33554432"
    "memorysetup-temp-allocator-size-nav-mesh-worker=65536"
    "memorysetup-temp-allocator-size-audio-worker=65536"
    "memorysetup-temp-allocator-size-cloud-worker=32768"
    "memorysetup-temp-allocator-size-gi-baking-worker=262144"
    "memorysetup-temp-allocator-size-gfx=262144"
Player connection [8340] Host "[IP] 10.86.20.214 [Port] 0 [Flags] 2 [Guid] 3221133034 [EditorId] 3221133034 [Version] 1048832 [Id] WindowsEditor(7,LAPTOP-D2IAHPFL) [Debug] 1 [PackageName] WindowsEditor [ProjectName] Editor" joined multi-casting on [225.0.0.222:54997]...

Player connection [8340] Host "[IP] 10.86.20.214 [Port] 0 [Flags] 2 [Guid] 3221133034 [EditorId] 3221133034 [Version] 1048832 [Id] WindowsEditor(7,LAPTOP-D2IAHPFL) [Debug] 1 [PackageName] WindowsEditor [ProjectName] Editor" joined alternative multi-casting on [225.0.0.222:34997]...

[Physics::Module] Initialized MultithreadedJobDispatcher with 11 workers.
Refreshing native plugins compatible for Editor in 19.02 ms, found 4 plugins.
Preloading 0 native plugins for Editor in 0.00 ms.
Initialize engine version: 2022.3.16f1 (d2c21f0ef2f1)
[Subsystems] Discovering subsystems at path C:/Program Files/Unity/Hub/Editor/2022.3.16f1/Editor/Data/Resources/UnitySubsystems
[Subsystems] Discovering subsystems at path E:/PRU212/PRU/Assets
GfxDevice: creating device client; threaded=0; jobified=0
Direct3D:
    Version:  Direct3D 11.0 [level 11.1]
    Renderer: AMD Radeon(TM) Graphics (ID=0x164c)
    Vendor:   ATI
    VRAM:     3781 MB
    Driver:   30.0.13044.14002
Initialize mono
Mono path[0] = 'C:/Program Files/Unity/Hub/Editor/2022.3.16f1/Editor/Data/Managed'
Mono path[1] = 'C:/Program Files/Unity/Hub/Editor/2022.3.16f1/Editor/Data/MonoBleedingEdge/lib/mono/unityjit-win32'
Mono config path = 'C:/Program Files/Unity/Hub/Editor/2022.3.16f1/Editor/Data/MonoBleedingEdge/etc'
Using monoOptions --debugger-agent=transport=dt_socket,embedding=1,server=y,suspend=n,address=127.0.0.1:56604
Begin MonoManager ReloadAssembly
Registering precompiled unity dll's ...
Register platform support module: C:/Program Files/Unity/Hub/Editor/2022.3.16f1/Editor/Data/PlaybackEngines/WebGLSupport/UnityEditor.WebGL.Extensions.dll
Register platform support module: C:/Program Files/Unity/Hub/Editor/2022.3.16f1/Editor/Data/PlaybackEngines/WindowsStandaloneSupport/UnityEditor.WindowsStandalone.Extensions.dll
Registered in 0.015381 seconds.
- Loaded All Assemblies, in  0.612 seconds
Native extension for WindowsStandalone target not found
Native extension for WebGL target not found
Mono: successfully reloaded assembly
- Finished resetting the current domain, in  0.480 seconds
Domain Reload Profiling: 1090ms
	BeginReloadAssembly (164ms)
		ExecutionOrderSort (0ms)
		DisableScriptedObjects (0ms)
		BackupInstance (0ms)
		ReleaseScriptingObjects (0ms)
		CreateAndSetChildDomain (1ms)
	RebuildCommonClasses (78ms)
	RebuildNativeTypeToScriptingClass (21ms)
	initialDomainReloadingComplete (95ms)
	LoadAllAssembliesAndSetupDomain (252ms)
		LoadAssemblies (162ms)
		RebuildTransferFunctionScriptingTraits (0ms)
		AnalyzeDomain (248ms)
			TypeCache.Refresh (246ms)
				TypeCache.ScanAssembly (223ms)
			ScanForSourceGeneratedMonoScriptInfo (1ms)
			ResolveRequiredComponents (1ms)
	FinalizeReload (481ms)
		ReleaseScriptCaches (0ms)
		RebuildScriptCaches (0ms)
		SetupLoadedEditorAssemblies (372ms)
			LogAssemblyErrors (0ms)
			InitializePlatformSupportModulesInManaged (19ms)
			SetLoadedEditorAssemblies (11ms)
			RefreshPlugins (0ms)
			BeforeProcessingInitializeOnLoad (5ms)
			ProcessInitializeOnLoadAttributes (239ms)
			ProcessInitializeOnLoadMethodAttributes (98ms)
			AfterProcessingInitializeOnLoad (0ms)
			EditorAssembliesLoaded (0ms)
		ExecutionOrderSort2 (0ms)
		AwakeInstancesAfterBackupRestoration (0ms)
========================================================================
Worker process is ready to serve import requests
Begin MonoManager ReloadAssembly
- Loaded All Assemblies, in  1.804 seconds
Refreshing native plugins compatible for Editor in 5.95 ms, found 4 plugins.
Native extension for WindowsStandalone target not found
Native extension for WebGL target not found
Package Manager log level set to [2]
[Package Manager] Server::EnsureServerProcessIsRunning -- launch failed, reason: Unity was launched with the -noUpm command-line argument
[Package Manager] UpmClient::Send -- Unable to send message (not connected to UPM process).
[Package Manager] Cannot connect to Unity Package Manager local server
Mono: successfully reloaded assembly
- Finished resetting the current domain, in  1.583 seconds
Domain Reload Profiling: 3394ms
	BeginReloadAssembly (279ms)
		ExecutionOrderSort (0ms)
		DisableScriptedObjects (12ms)
		BackupInstance (0ms)
		ReleaseScriptingObjects (1ms)
		CreateAndSetChildDomain (42ms)
	RebuildCommonClasses (58ms)
	RebuildNativeTypeToScriptingClass (18ms)
	initialDomainReloadingComplete (56ms)
	LoadAllAssembliesAndSetupDomain (1399ms)
		LoadAssemblies (830ms)
		RebuildTransferFunctionScriptingTraits (0ms)
		AnalyzeDomain (711ms)
			TypeCache.Refresh (599ms)
				TypeCache.ScanAssembly (551ms)
			ScanForSourceGeneratedMonoScriptInfo (87ms)
			ResolveRequiredComponents (23ms)
	FinalizeReload (1583ms)
		ReleaseScriptCaches (0ms)
		RebuildScriptCaches (0ms)
		SetupLoadedEditorAssemblies (1165ms)
			LogAssemblyErrors (0ms)
			InitializePlatformSupportModulesInManaged (15ms)
			SetLoadedEditorAssemblies (10ms)
			RefreshPlugins (0ms)
			BeforeProcessingInitializeOnLoad (146ms)
			ProcessInitializeOnLoadAttributes (826ms)
			ProcessInitializeOnLoadMethodAttributes (155ms)
			AfterProcessingInitializeOnLoad (12ms)
			EditorAssembliesLoaded (1ms)
		ExecutionOrderSort2 (0ms)
		AwakeInstancesAfterBackupRestoration (10ms)
Launched and connected shader compiler UnityShaderCompiler.exe after 0.09 seconds
Refreshing native plugins compatible for Editor in 3.97 ms, found 4 plugins.
Preloading 0 native plugins for Editor in 0.00 ms.
Unloading 6880 Unused Serialized files (Serialized files now loaded: 0)
Unloading 106 unused Assets / (1.2 MB). Loaded Objects now: 7350.
Memory consumption went from 273.2 MB to 272.0 MB.
Total: 10.641200 ms (FindLiveObjects: 0.780700 ms CreateObjectMapping: 0.480800 ms MarkObjects: 8.264400 ms  DeleteObjects: 1.113100 ms)

AssetImportParameters requested are different than current active one (requested -> active):
  custom:container-demuxer-ogg: 62fdf1f143b41e24485cea50d1cbac27 -> 
  custom:framework-win-MediaFoundation: 216162199b28c13a410421893ffa2e32 -> 
  custom:container-muxer-webm: aa71ff27fc2769a1b78a27578f13a17b -> 
  custom:video-decoder-webm-vp8: 9c59270c3fd7afecdb556c50c9e8de78 -> 
  custom:SearchIndexIgnoredProperties: e643bd26f0fe6173181afceb89e7c659 -> 
  custom:AudioImporter_EditorPlatform: d09bf68614088b80899f8185d706f6e7 -> 
  custom:audio-decoder-ogg-vorbis: bf7c407c2cedff20999df2af8eb42d56 -> 
  custom:audio-encoder-webm-vorbis: bf7c407c2cedff20999df2af8eb42d56 -> 
  custom:video-decoder-ogg-theora: a1e56fd34408186e4bbccfd4996cb3dc -> 
  custom:CustomObjectIndexerAttribute: 4d1d7186bcbbfe361de5f0ad951e585c -> 
  custom:container-demuxer-webm: 4f35f7cbe854078d1ac9338744f61a02 -> 
  custom:video-encoder-webm-vp8: eb34c28f22e8b96e1ab97ce403110664 -> 
========================================================================
Received Import Request.
  Time since last request: 233167.919204 seconds.
  path: Assets/HappyHarvest/Art/Environment/Grass/Grass_Clump_02
  artifactKey: Guid(70349fd76d7f10c4184d70f6b5905b44) Importer(815301076,1909f56bfc062723c751e8b465ee728b)
Start importing Assets/HappyHarvest/Art/Environment/Grass/Grass_Clump_02 using Guid(70349fd76d7f10c4184d70f6b5905b44) Importer(815301076,1909f56bfc062723c751e8b465ee728b)  -> (artifact id: '3daf07e0341b56b99a9bee0affadf4ea') in 0.003735 seconds
Number of updated asset objects reloaded before import = 0
Number of asset objects unloaded after import = 0
========================================================================
Received Import Request.
  Time since last request: 0.246346 seconds.
  path: Assets/HappyHarvest/Art/Environment/Grass/Grass_Clump_02/Prefab_Grass_clump02.prefab
  artifactKey: Guid(ed5328e852e9c21408a0c754e936f102) Importer(815301076,1909f56bfc062723c751e8b465ee728b)
Start importing Assets/HappyHarvest/Art/Environment/Grass/Grass_Clump_02/Prefab_Grass_clump02.prefab using Guid(ed5328e852e9c21408a0c754e936f102) Importer(815301076,1909f56bfc062723c751e8b465ee728b)  -> (artifact id: 'f65ea62896ccb2bf1ff64f15548a6fe3') in 0.359726 seconds
Number of updated asset objects reloaded before import = 0
Number of asset objects unloaded after import = 11
========================================================================
Received Import Request.
  Time since last request: 0.314474 seconds.
  path: Assets/HappyHarvest/Art/Environment/Grass/Grass_Clump_02/Sprites
  artifactKey: Guid(4a3a1c5456a7fb748a29e60e3bdd5bc6) Importer(815301076,1909f56bfc062723c751e8b465ee728b)
Start importing Assets/HappyHarvest/Art/Environment/Grass/Grass_Clump_02/Sprites using Guid(4a3a1c5456a7fb748a29e60e3bdd5bc6) Importer(815301076,1909f56bfc062723c751e8b465ee728b)  -> (artifact id: 'a40ffc5782290143e5f700b4d42606f2') in 0.000684 seconds
Number of updated asset objects reloaded before import = 0
Number of asset objects unloaded after import = 0
========================================================================
Received Import Request.
  Time since last request: 0.925688 seconds.
  path: Assets/HappyHarvest/Art/Environment/Grass/Grass_Clump_02/Sprites/Sprite_Grass_clump02.png
  artifactKey: Guid(48ab02bef0b5dd9409229786b265b915) Importer(815301076,1909f56bfc062723c751e8b465ee728b)
Start importing Assets/HappyHarvest/Art/Environment/Grass/Grass_Clump_02/Sprites/Sprite_Grass_clump02.png using Guid(48ab02bef0b5dd9409229786b265b915) Importer(815301076,1909f56bfc062723c751e8b465ee728b)  -> (artifact id: 'fd87d9e81235ededfd5a19706b551d8d') in 0.060701 seconds
Number of updated asset objects reloaded before import = 0
Number of asset objects unloaded after import = 5
========================================================================
Received Import Request.
  Time since last request: 3.795486 seconds.
  path: Assets/HappyHarvest/Art/Environment/Lamps/HouseLamp
  artifactKey: Guid(8d263a9e5a7300142bb416f676cfc3c9) Importer(815301076,1909f56bfc062723c751e8b465ee728b)
Start importing Assets/HappyHarvest/Art/Environment/Lamps/HouseLamp using Guid(8d263a9e5a7300142bb416f676cfc3c9) Importer(815301076,1909f56bfc062723c751e8b465ee728b)  -> (artifact id: '62a621d97290c2dd04575789f6cf4273') in 0.000664 seconds
Number of updated asset objects reloaded before import = 0
Number of asset objects unloaded after import = 0
========================================================================
Received Import Request.
  Time since last request: 0.051515 seconds.
  path: Assets/HappyHarvest/Art/Environment/Lamps/HouseLamp/Prefab_Sprite_HouseLamp.prefab
  artifactKey: Guid(d86e6ebd0905a174bad627fe8efca314) Importer(815301076,1909f56bfc062723c751e8b465ee728b)
Start importing Assets/HappyHarvest/Art/Environment/Lamps/HouseLamp/Prefab_Sprite_HouseLamp.prefab using Guid(d86e6ebd0905a174bad627fe8efca314) Importer(815301076,1909f56bfc062723c751e8b465ee728b)  -> (artifact id: 'a1cd4770dc22a968be315328764842c4') in 0.033462 seconds
Number of updated asset objects reloaded before import = 0
Number of asset objects unloaded after import = 12
========================================================================
Received Import Request.
  Time since last request: 0.651877 seconds.
  path: Assets/HappyHarvest/Art/Environment/Lamps/HouseLamp/Sprites
  artifactKey: Guid(4dc48e86f8cddd4408dab3cb9f4acd34) Importer(815301076,1909f56bfc062723c751e8b465ee728b)
Start importing Assets/HappyHarvest/Art/Environment/Lamps/HouseLamp/Sprites using Guid(4dc48e86f8cddd4408dab3cb9f4acd34) Importer(815301076,1909f56bfc062723c751e8b465ee728b)  -> (artifact id: '93b9fc3b1a8926368ea9c498b7a9d1e9') in 0.000885 seconds
Number of updated asset objects reloaded before import = 0
Number of asset objects unloaded after import = 0
========================================================================
Received Import Request.
  Time since last request: 0.011439 seconds.
  path: Assets/HappyHarvest/Art/Environment/Lamps/HouseLamp/Sprites/Sprite_HouseLamp.png
  artifactKey: Guid(aa66dc0df0298344f9602942b665938b) Importer(815301076,1909f56bfc062723c751e8b465ee728b)
Start importing Assets/HappyHarvest/Art/Environment/Lamps/HouseLamp/Sprites/Sprite_HouseLamp.png using Guid(aa66dc0df0298344f9602942b665938b) Importer(815301076,1909f56bfc062723c751e8b465ee728b)  -> (artifact id: '0a5ced8880cbb66f8e74586e29b0acbc') in 0.058471 seconds
Number of updated asset objects reloaded before import = 0
Number of asset objects unloaded after import = 5
========================================================================
Received Prepare
Begin MonoManager ReloadAssembly
- Loaded All Assemblies, in  0.663 seconds
Refreshing native plugins compatible for Editor in 3.61 ms, found 4 plugins.
Native extension for WindowsStandalone target not found
Native extension for WebGL target not found
[Package Manager] Server::EnsureServerProcessIsRunning -- launch failed, reason: Unity was launched with the -noUpm command-line argument
[Package Manager] UpmClient::Send -- Unable to send message (not connected to UPM process).
[Package Manager] Cannot connect to Unity Package Manager local server
Mono: successfully reloaded assembly
- Finished resetting the current domain, in  2.578 seconds
Domain Reload Profiling: 3238ms
	BeginReloadAssembly (227ms)
		ExecutionOrderSort (0ms)
		DisableScriptedObjects (21ms)
		BackupInstance (0ms)
		ReleaseScriptingObjects (0ms)
		CreateAndSetChildDomain (60ms)
	RebuildCommonClasses (47ms)
	RebuildNativeTypeToScriptingClass (17ms)
	initialDomainReloadingComplete (43ms)
	LoadAllAssembliesAndSetupDomain (325ms)
		LoadAssemblies (407ms)
		RebuildTransferFunctionScriptingTraits (0ms)
		AnalyzeDomain (27ms)
			TypeCache.Refresh (7ms)
				TypeCache.ScanAssembly (0ms)
			ScanForSourceGeneratedMonoScriptInfo (0ms)
			ResolveRequiredComponents (18ms)
	FinalizeReload (2579ms)
		ReleaseScriptCaches (0ms)
		RebuildScriptCaches (0ms)
		SetupLoadedEditorAssemblies (825ms)
			LogAssemblyErrors (0ms)
			InitializePlatformSupportModulesInManaged (10ms)
			SetLoadedEditorAssemblies (7ms)
			RefreshPlugins (0ms)
			BeforeProcessingInitializeOnLoad (113ms)
			ProcessInitializeOnLoadAttributes (544ms)
			ProcessInitializeOnLoadMethodAttributes (135ms)
			AfterProcessingInitializeOnLoad (15ms)
			EditorAssembliesLoaded (1ms)
		ExecutionOrderSort2 (0ms)
		AwakeInstancesAfterBackupRestoration (31ms)
Refreshing native plugins compatible for Editor in 4.37 ms, found 4 plugins.
Preloading 0 native plugins for Editor in 0.00 ms.
Unloading 6686 Unused Serialized files (Serialized files now loaded: 0)
Unloading 51 unused Assets / (1.1 MB). Loaded Objects now: 7422.
Memory consumption went from 242.3 MB to 241.1 MB.
Total: 8.273200 ms (FindLiveObjects: 0.845600 ms CreateObjectMapping: 0.669300 ms MarkObjects: 6.379700 ms  DeleteObjects: 0.376100 ms)

Prepare: number of updated asset objects reloaded= 0
AssetImportParameters requested are different than current active one (requested -> active):
  custom:container-demuxer-ogg: 62fdf1f143b41e24485cea50d1cbac27 -> 
  custom:framework-win-MediaFoundation: 216162199b28c13a410421893ffa2e32 -> 
  custom:container-muxer-webm: aa71ff27fc2769a1b78a27578f13a17b -> 
  custom:video-decoder-webm-vp8: 9c59270c3fd7afecdb556c50c9e8de78 -> 
  custom:SearchIndexIgnoredProperties: e643bd26f0fe6173181afceb89e7c659 -> 
  custom:AudioImporter_EditorPlatform: d09bf68614088b80899f8185d706f6e7 -> 
  custom:audio-decoder-ogg-vorbis: bf7c407c2cedff20999df2af8eb42d56 -> 
  custom:audio-encoder-webm-vorbis: bf7c407c2cedff20999df2af8eb42d56 -> 
  custom:video-decoder-ogg-theora: a1e56fd34408186e4bbccfd4996cb3dc -> 
  custom:CustomObjectIndexerAttribute: 4d1d7186bcbbfe361de5f0ad951e585c -> 
  custom:container-demuxer-webm: 4f35f7cbe854078d1ac9338744f61a02 -> 
  custom:video-encoder-webm-vp8: eb34c28f22e8b96e1ab97ce403110664 -> 
========================================================================
Received Import Request.
  Time since last request: 663.967424 seconds.
  path: Assets/HappyHarvest/Art/Environment/Lamps/LampAndLantern/Prefab_Lantern.prefab
  artifactKey: Guid(33a604afe7c7bad4cab08f85ead27b46) Importer(815301076,1909f56bfc062723c751e8b465ee728b)
Start importing Assets/HappyHarvest/Art/Environment/Lamps/LampAndLantern/Prefab_Lantern.prefab using Guid(33a604afe7c7bad4cab08f85ead27b46) Importer(815301076,1909f56bfc062723c751e8b465ee728b)  -> (artifact id: '3529bac448da1a15c7903107fe7a6e94') in 0.621449 seconds
Number of updated asset objects reloaded before import = 0
Number of asset objects unloaded after import = 40
========================================================================
Received Import Request.
  Time since last request: 0.401521 seconds.
  path: Assets/HappyHarvest/Art/Environment/Lamps/LampAndLantern/Animations
  artifactKey: Guid(62eb3ebf2c434f844a631b7877ae1580) Importer(815301076,1909f56bfc062723c751e8b465ee728b)
Start importing Assets/HappyHarvest/Art/Environment/Lamps/LampAndLantern/Animations using Guid(62eb3ebf2c434f844a631b7877ae1580) Importer(815301076,1909f56bfc062723c751e8b465ee728b)  -> (artifact id: 'e5437c626db9cc5798934d5a52f39bc6') in 0.000818 seconds
Number of updated asset objects reloaded before import = 0
Number of asset objects unloaded after import = 0
========================================================================
Received Import Request.
  Time since last request: 1.087208 seconds.
  path: Assets/HappyHarvest/Art/Environment/Lamps/StreetLamp/Prefab_Streetlamp.prefab
  artifactKey: Guid(4241c1d9d4ba3d246a7bf08145d0c8aa) Importer(815301076,1909f56bfc062723c751e8b465ee728b)
Start importing Assets/HappyHarvest/Art/Environment/Lamps/StreetLamp/Prefab_Streetlamp.prefab using Guid(4241c1d9d4ba3d246a7bf08145d0c8aa) Importer(815301076,1909f56bfc062723c751e8b465ee728b)  -> (artifact id: '4b2e8a02eac82d1e0871494f381580cb') in 0.045125 seconds
Number of updated asset objects reloaded before import = 0
Number of asset objects unloaded after import = 141
========================================================================
Received Import Request.
  Time since last request: 4.169640 seconds.
  path: Assets/HappyHarvest/Art/Environment/Market/Prefab_Market.prefab
  artifactKey: Guid(e58da2862f8acc34e932faddd7da8f28) Importer(815301076,1909f56bfc062723c751e8b465ee728b)
Start importing Assets/HappyHarvest/Art/Environment/Market/Prefab_Market.prefab using Guid(e58da2862f8acc34e932faddd7da8f28) Importer(815301076,1909f56bfc062723c751e8b465ee728b)  -> (artifact id: 'f5919563f450a20af54dc1e50fabd622') in 0.065878 seconds
Number of updated asset objects reloaded before import = 0
Number of asset objects unloaded after import = 135
========================================================================
Received Import Request.
  Time since last request: 1.179979 seconds.
  path: Assets/HappyHarvest/Art/Environment/Pinetree/Prefab_Pinetree.prefab
  artifactKey: Guid(dbf06928690713648bf5779696dfb104) Importer(815301076,1909f56bfc062723c751e8b465ee728b)
Start importing Assets/HappyHarvest/Art/Environment/Pinetree/Prefab_Pinetree.prefab using Guid(dbf06928690713648bf5779696dfb104) Importer(815301076,1909f56bfc062723c751e8b465ee728b)  -> (artifact id: '28dc31f10500b2e88ea4492f4992a6ec') in 0.039363 seconds
Number of updated asset objects reloaded before import = 0
Number of asset objects unloaded after import = 44
========================================================================
Received Import Request.
  Time since last request: 2.513639 seconds.
  path: Assets/HappyHarvest/Art/Environment/Rocks/RocksBig
  artifactKey: Guid(34ac206483d5a394f9ec057d02fcf73e) Importer(815301076,1909f56bfc062723c751e8b465ee728b)
Start importing Assets/HappyHarvest/Art/Environment/Rocks/RocksBig using Guid(34ac206483d5a394f9ec057d02fcf73e) Importer(815301076,1909f56bfc062723c751e8b465ee728b)  -> (artifact id: '512bb77ea1b677bb483466e5e86921b2') in 0.000641 seconds
Number of updated asset objects reloaded before import = 0
Number of asset objects unloaded after import = 0
========================================================================
Received Import Request.
  Time since last request: 0.006140 seconds.
  path: Assets/HappyHarvest/Art/Environment/Rocks/RocksBig/Prefab_RocksBig.prefab
  artifactKey: Guid(4b8b04ac2bf64e849b5750ae6725a0c9) Importer(815301076,1909f56bfc062723c751e8b465ee728b)
Start importing Assets/HappyHarvest/Art/Environment/Rocks/RocksBig/Prefab_RocksBig.prefab using Guid(4b8b04ac2bf64e849b5750ae6725a0c9) Importer(815301076,1909f56bfc062723c751e8b465ee728b)  -> (artifact id: 'c7174cc49ad0a0f0716ceba722663ca7') in 0.021679 seconds
Number of updated asset objects reloaded before import = 0
Number of asset objects unloaded after import = 39
========================================================================
Received Import Request.
  Time since last request: 1.860087 seconds.
  path: Assets/HappyHarvest/Art/Environment/Rocks/RocksMedium/Prefab_RockMedium.prefab
  artifactKey: Guid(f3f78c6dee0fe5146a9fea8701c575b9) Importer(815301076,1909f56bfc062723c751e8b465ee728b)
Start importing Assets/HappyHarvest/Art/Environment/Rocks/RocksMedium/Prefab_RockMedium.prefab using Guid(f3f78c6dee0fe5146a9fea8701c575b9) Importer(815301076,1909f56bfc062723c751e8b465ee728b)  -> (artifact id: '06030e170f57b766d6d31e838ee4f6d0') in 0.023512 seconds
Number of updated asset objects reloaded before import = 0
Number of asset objects unloaded after import = 39
========================================================================
Received Import Request.
  Time since last request: 1.408638 seconds.
  path: Assets/HappyHarvest/Art/Environment/Rocks/RocksSmall/Prefab_RocksSmall.prefab
  artifactKey: Guid(0526d4d1deb14724a9d57b7352da5ee1) Importer(815301076,1909f56bfc062723c751e8b465ee728b)
Start importing Assets/HappyHarvest/Art/Environment/Rocks/RocksSmall/Prefab_RocksSmall.prefab using Guid(0526d4d1deb14724a9d57b7352da5ee1) Importer(815301076,1909f56bfc062723c751e8b465ee728b)  -> (artifact id: 'daef9d22986c3dacec77deb6bf223faf') in 0.022195 seconds
Number of updated asset objects reloaded before import = 0
Number of asset objects unloaded after import = 10
========================================================================
Received Import Request.
  Time since last request: 1.053543 seconds.
  path: Assets/HappyHarvest/Art/Environment/Scarecrow/Prefab_Scarecrow.prefab
  artifactKey: Guid(e6ef5c008c2857b43b862e8b338b86de) Importer(815301076,1909f56bfc062723c751e8b465ee728b)
Start importing Assets/HappyHarvest/Art/Environment/Scarecrow/Prefab_Scarecrow.prefab using Guid(e6ef5c008c2857b43b862e8b338b86de) Importer(815301076,1909f56bfc062723c751e8b465ee728b)  -> (artifact id: '76dc25da177c503a3bcec6e39dabb504') in 0.040017 seconds
Number of updated asset objects reloaded before import = 0
Number of asset objects unloaded after import = 143
========================================================================
Received Import Request.
  Time since last request: 1.208007 seconds.
  path: Assets/HappyHarvest/Art/Environment/Scarecrow/PSD
  artifactKey: Guid(23bdf481815531a40aaa0f3bf7edc745) Importer(815301076,1909f56bfc062723c751e8b465ee728b)
Start importing Assets/HappyHarvest/Art/Environment/Scarecrow/PSD using Guid(23bdf481815531a40aaa0f3bf7edc745) Importer(815301076,1909f56bfc062723c751e8b465ee728b)  -> (artifact id: '372b9f9da425f35fa433f4ec980c42e4') in 0.000657 seconds
Number of updated asset objects reloaded before import = 0
Number of asset objects unloaded after import = 0
========================================================================
Received Import Request.
  Time since last request: 2.811112 seconds.
  path: Assets/HappyHarvest/Art/Environment/WaterLilly/Prefab_WaterLilly.prefab
  artifactKey: Guid(3d1b82edd2e19724dbba4a11f6397a65) Importer(815301076,1909f56bfc062723c751e8b465ee728b)
Start importing Assets/HappyHarvest/Art/Environment/WaterLilly/Prefab_WaterLilly.prefab using Guid(3d1b82edd2e19724dbba4a11f6397a65) Importer(815301076,1909f56bfc062723c751e8b465ee728b)  -> (artifact id: '0aeb752bbef900b780a6f353f211d98a') in 0.033239 seconds
Number of updated asset objects reloaded before import = 0
Number of asset objects unloaded after import = 18
========================================================================
Received Import Request.
  Time since last request: 3.212999 seconds.
  path: Assets/HappyHarvest/Art/Interior/Bed
  artifactKey: Guid(6abd15e34821777499bd16d90a15138e) Importer(815301076,1909f56bfc062723c751e8b465ee728b)
Start importing Assets/HappyHarvest/Art/Interior/Bed using Guid(6abd15e34821777499bd16d90a15138e) Importer(815301076,1909f56bfc062723c751e8b465ee728b)  -> (artifact id: 'f29294686e41859066f93e09d814f664') in 0.000930 seconds
Number of updated asset objects reloaded before import = 0
Number of asset objects unloaded after import = 0
========================================================================
Received Import Request.
  Time since last request: 1.278561 seconds.
  path: Assets/HappyHarvest/Art/Interior/Bed/Prefab_Bed.prefab
  artifactKey: Guid(f63fd1c2503a5ad4cad8c303ce3f7070) Importer(815301076,1909f56bfc062723c751e8b465ee728b)
Start importing Assets/HappyHarvest/Art/Interior/Bed/Prefab_Bed.prefab using Guid(f63fd1c2503a5ad4cad8c303ce3f7070) Importer(815301076,1909f56bfc062723c751e8b465ee728b)  -> (artifact id: 'ab5b411ee215b18949fddccb249c3003') in 0.024678 seconds
Number of updated asset objects reloaded before import = 0
Number of asset objects unloaded after import = 14
========================================================================
Received Import Request.
  Time since last request: 1.557341 seconds.
  path: Assets/HappyHarvest/Art/Interior/Chair/Prefab_Chair.prefab
  artifactKey: Guid(9c459e657af06944f9912e5f7446dc0b) Importer(815301076,1909f56bfc062723c751e8b465ee728b)
Start importing Assets/HappyHarvest/Art/Interior/Chair/Prefab_Chair.prefab using Guid(9c459e657af06944f9912e5f7446dc0b) Importer(815301076,1909f56bfc062723c751e8b465ee728b)  -> (artifact id: '7b0354d9eb9edfcc4e14db30d601c288') in 0.030037 seconds
Number of updated asset objects reloaded before import = 0
Number of asset objects unloaded after import = 26
========================================================================
Received Import Request.
  Time since last request: 2.043688 seconds.
  path: Assets/HappyHarvest/Art/Interior/Fireplace/Prefab_Fireplace.prefab
  artifactKey: Guid(c3085ba6d42d5ad4aa544a61a9a4fb1c) Importer(815301076,1909f56bfc062723c751e8b465ee728b)
Start importing Assets/HappyHarvest/Art/Interior/Fireplace/Prefab_Fireplace.prefab using Guid(c3085ba6d42d5ad4aa544a61a9a4fb1c) Importer(815301076,1909f56bfc062723c751e8b465ee728b)  -> (artifact id: 'e540a043ce8aa0232514e4faba714b89') in 0.037446 seconds
Number of updated asset objects reloaded before import = 0
Number of asset objects unloaded after import = 18
========================================================================
Received Import Request.
  Time since last request: 0.768372 seconds.
  path: Assets/HappyHarvest/Art/Interior/Curtain/Prefab_Curtain.prefab
  artifactKey: Guid(da1f5db3d7e267242b2d34e7658e18e3) Importer(815301076,1909f56bfc062723c751e8b465ee728b)
Start importing Assets/HappyHarvest/Art/Interior/Curtain/Prefab_Curtain.prefab using Guid(da1f5db3d7e267242b2d34e7658e18e3) Importer(815301076,1909f56bfc062723c751e8b465ee728b)  -> (artifact id: 'd700e3e2e83acebe627d5ddddcf557f5') in 0.027621 seconds
Number of updated asset objects reloaded before import = 0
Number of asset objects unloaded after import = 10
========================================================================
Received Import Request.
  Time since last request: 1.369318 seconds.
  path: Assets/HappyHarvest/Art/Interior/Paintings/Prefab_Painting_1.prefab
  artifactKey: Guid(caadae45646f1114bb9d37cf081904b2) Importer(815301076,1909f56bfc062723c751e8b465ee728b)
Start importing Assets/HappyHarvest/Art/Interior/Paintings/Prefab_Painting_1.prefab using Guid(caadae45646f1114bb9d37cf081904b2) Importer(815301076,1909f56bfc062723c751e8b465ee728b)  -> (artifact id: '9bed375508b6ff9598ad0768c2fd14ee') in 0.022691 seconds
Number of updated asset objects reloaded before import = 0
Number of asset objects unloaded after import = 10
========================================================================
Received Import Request.
  Time since last request: 0.000032 seconds.
  path: Assets/HappyHarvest/Art/Interior/Paintings/Prefab_Painting_4.prefab
  artifactKey: Guid(b31afd26222601246a610405511c8bfa) Importer(815301076,1909f56bfc062723c751e8b465ee728b)
Start importing Assets/HappyHarvest/Art/Interior/Paintings/Prefab_Painting_4.prefab using Guid(b31afd26222601246a610405511c8bfa) Importer(815301076,1909f56bfc062723c751e8b465ee728b)  -> (artifact id: 'c77c52dab8b16a7543e8a104aa1107c2') in 0.022121 seconds
Number of updated asset objects reloaded before import = 0
Number of asset objects unloaded after import = 10
========================================================================
Received Import Request.
  Time since last request: 2.472495 seconds.
  path: Assets/HappyHarvest/Art/Interior/Plant/Prefab_Plant.prefab
  artifactKey: Guid(4f3cdea65998f6b41b04408bc628f5c8) Importer(815301076,1909f56bfc062723c751e8b465ee728b)
Start importing Assets/HappyHarvest/Art/Interior/Plant/Prefab_Plant.prefab using Guid(4f3cdea65998f6b41b04408bc628f5c8) Importer(815301076,1909f56bfc062723c751e8b465ee728b)  -> (artifact id: '7cbd616b83ab1ee4fb80e9baed7396c0') in 0.031521 seconds
Number of updated asset objects reloaded before import = 0
Number of asset objects unloaded after import = 40
========================================================================
Received Import Request.
  Time since last request: 5.535883 seconds.
  path: Assets/HappyHarvest/Art/Interior/Sofa/Prefab_Sofa.prefab
  artifactKey: Guid(964484774987dfd41b58695be23ba6d6) Importer(815301076,1909f56bfc062723c751e8b465ee728b)
Start importing Assets/HappyHarvest/Art/Interior/Sofa/Prefab_Sofa.prefab using Guid(964484774987dfd41b58695be23ba6d6) Importer(815301076,1909f56bfc062723c751e8b465ee728b)  -> (artifact id: 'ea024e6e61987280c73da873e5af239e') in 0.023230 seconds
Number of updated asset objects reloaded before import = 0
Number of asset objects unloaded after import = 39
========================================================================
Received Import Request.
  Time since last request: 0.876365 seconds.
  path: Assets/HappyHarvest/Art/Interior/VFX/Light_Windows.prefab
  artifactKey: Guid(d47dfcd74a21f934eb4fca9cc8b16d39) Importer(815301076,1909f56bfc062723c751e8b465ee728b)
Start importing Assets/HappyHarvest/Art/Interior/VFX/Light_Windows.prefab using Guid(d47dfcd74a21f934eb4fca9cc8b16d39) Importer(815301076,1909f56bfc062723c751e8b465ee728b)  -> (artifact id: 'db810863346bf8f462e18b1d099163d5') in 0.002638 seconds
Number of updated asset objects reloaded before import = 0
Number of asset objects unloaded after import = 6
========================================================================
Received Import Request.
  Time since last request: 2.881876 seconds.
  path: Assets/HappyHarvest/Art/Tiles/_Default
  artifactKey: Guid(36426005499d8c94da49a0921e165d91) Importer(815301076,1909f56bfc062723c751e8b465ee728b)
Start importing Assets/HappyHarvest/Art/Tiles/_Default using Guid(36426005499d8c94da49a0921e165d91) Importer(815301076,1909f56bfc062723c751e8b465ee728b)  -> (artifact id: 'cc70929103ef28bd00b076f0bb2eca25') in 0.000537 seconds
Number of updated asset objects reloaded before import = 0
Number of asset objects unloaded after import = 0
========================================================================
Received Import Request.
  Time since last request: 0.048478 seconds.
  path: Assets/HappyHarvest/Art/Tiles/_Default/RuleTile_Default.asset
  artifactKey: Guid(a6c8938007eeb874e8ecec3f53cfa15d) Importer(815301076,1909f56bfc062723c751e8b465ee728b)
Start importing Assets/HappyHarvest/Art/Tiles/_Default/RuleTile_Default.asset using Guid(a6c8938007eeb874e8ecec3f53cfa15d) Importer(815301076,1909f56bfc062723c751e8b465ee728b)  -> (artifact id: 'c025d5f8f9469ddb0d59652712ad0eb7') in 0.010810 seconds
Number of updated asset objects reloaded before import = 0
Number of asset objects unloaded after import = 1
========================================================================
Received Import Request.
  Time since last request: 1.252886 seconds.
  path: Assets/HappyHarvest/Art/Tiles/_Palettes/Palette_Main.prefab
  artifactKey: Guid(c31b95235c68734499c5fa84243ea533) Importer(815301076,1909f56bfc062723c751e8b465ee728b)
Start importing Assets/HappyHarvest/Art/Tiles/_Palettes/Palette_Main.prefab using Guid(c31b95235c68734499c5fa84243ea533) Importer(815301076,1909f56bfc062723c751e8b465ee728b)  -> (artifact id: '039e888a83069f2e833dd000cb85a51f') in 0.500668 seconds
Number of updated asset objects reloaded before import = 0
Number of asset objects unloaded after import = 915
========================================================================
Received Import Request.
  Time since last request: 37.574064 seconds.
  path: Assets/HappyHarvest/Materials/Material_Fire.mat
  artifactKey: Guid(2f46609a553c511428091e85414d48c7) Importer(815301076,1909f56bfc062723c751e8b465ee728b)
Start importing Assets/HappyHarvest/Materials/Material_Fire.mat using Guid(2f46609a553c511428091e85414d48c7) Importer(815301076,1909f56bfc062723c751e8b465ee728b)  -> (artifact id: '519afbb23bbd6190c29d39093c93f30c') in 0.379605 seconds
Number of updated asset objects reloaded before import = 0
Number of asset objects unloaded after import = 4
========================================================================
Received Import Request.
  Time since last request: 0.213978 seconds.
  path: Assets/HappyHarvest/Prefabs/Light 2D_Warehouse.prefab
  artifactKey: Guid(ca7a44a91a0e4904fbe3db41a629db88) Importer(815301076,1909f56bfc062723c751e8b465ee728b)
Start importing Assets/HappyHarvest/Prefabs/Light 2D_Warehouse.prefab using Guid(ca7a44a91a0e4904fbe3db41a629db88) Importer(815301076,1909f56bfc062723c751e8b465ee728b)  -> (artifact id: '8025279076fb0e80bd2ad8fa6b8cfd93') in 0.004494 seconds
Number of updated asset objects reloaded before import = 0
Number of asset objects unloaded after import = 19
========================================================================
Received Import Request.
  Time since last request: 1.979171 seconds.
  path: Assets/HappyHarvest/VFX/Fire/circle.png
  artifactKey: Guid(b461cb96b6f718a4fa792526c8e815f2) Importer(815301076,1909f56bfc062723c751e8b465ee728b)
Start importing Assets/HappyHarvest/VFX/Fire/circle.png using Guid(b461cb96b6f718a4fa792526c8e815f2) Importer(815301076,1909f56bfc062723c751e8b465ee728b)  -> (artifact id: '59a824357cc028d6bd17942314e406a6') in 0.035940 seconds
Number of updated asset objects reloaded before import = 0
Number of asset objects unloaded after import = 2
========================================================================
Received Import Request.
  Time since last request: 6.563442 seconds.
  path: Assets/HappyHarvest/Resources/Character.prefab
  artifactKey: Guid(f4e3bcdb71b1ec546b54c73ed8e346fd) Importer(815301076,1909f56bfc062723c751e8b465ee728b)
Start importing Assets/HappyHarvest/Resources/Character.prefab using Guid(f4e3bcdb71b1ec546b54c73ed8e346fd) Importer(815301076,1909f56bfc062723c751e8b465ee728b)  -> (artifact id: '5b9b92002eaed9b8681346d7f13d684f') in 0.438183 seconds
Number of updated asset objects reloaded before import = 0
Number of asset objects unloaded after import = 2404
========================================================================
Received Import Request.
  Time since last request: 1.704085 seconds.
  path: Assets/HappyHarvest/Samples/Visual Effect Graph
  artifactKey: Guid(fd99d9147eec74c4bae6d6fdf28a3076) Importer(815301076,1909f56bfc062723c751e8b465ee728b)
Start importing Assets/HappyHarvest/Samples/Visual Effect Graph using Guid(fd99d9147eec74c4bae6d6fdf28a3076) Importer(815301076,1909f56bfc062723c751e8b465ee728b)  -> (artifact id: '50cb9d92d07aa851b32b009b48cd74bf') in 0.001974 seconds
Number of updated asset objects reloaded before import = 0
Number of asset objects unloaded after import = 0
========================================================================
Received Prepare
Begin MonoManager ReloadAssembly
- Loaded All Assemblies, in  0.627 seconds
Refreshing native plugins compatible for Editor in 3.23 ms, found 4 plugins.
Native extension for WindowsStandalone target not found
Native extension for WebGL target not found
[Package Manager] Server::EnsureServerProcessIsRunning -- launch failed, reason: Unity was launched with the -noUpm command-line argument
[Package Manager] UpmClient::Send -- Unable to send message (not connected to UPM process).
[Package Manager] Cannot connect to Unity Package Manager local server
Mono: successfully reloaded assembly
- Finished resetting the current domain, in  1.645 seconds
Domain Reload Profiling: 2269ms
	BeginReloadAssembly (218ms)
		ExecutionOrderSort (0ms)
		DisableScriptedObjects (16ms)
		BackupInstance (0ms)
		ReleaseScriptingObjects (0ms)
		CreateAndSetChildDomain (58ms)
	RebuildCommonClasses (43ms)
	RebuildNativeTypeToScriptingClass (16ms)
	initialDomainReloadingComplete (38ms)
	LoadAllAssembliesAndSetupDomain (308ms)
		LoadAssemblies (389ms)
		RebuildTransferFunctionScriptingTraits (0ms)
		AnalyzeDomain (27ms)
			TypeCache.Refresh (8ms)
				TypeCache.ScanAssembly (0ms)
			ScanForSourceGeneratedMonoScriptInfo (0ms)
			ResolveRequiredComponents (17ms)
	FinalizeReload (1646ms)
		ReleaseScriptCaches (0ms)
		RebuildScriptCaches (0ms)
		SetupLoadedEditorAssemblies (719ms)
			LogAssemblyErrors (0ms)
			InitializePlatformSupportModulesInManaged (10ms)
			SetLoadedEditorAssemblies (7ms)
			RefreshPlugins (0ms)
			BeforeProcessingInitializeOnLoad (116ms)
			ProcessInitializeOnLoadAttributes (479ms)
			ProcessInitializeOnLoadMethodAttributes (96ms)
			AfterProcessingInitializeOnLoad (10ms)
			EditorAssembliesLoaded (0ms)
		ExecutionOrderSort2 (0ms)
		AwakeInstancesAfterBackupRestoration (21ms)
Refreshing native plugins compatible for Editor in 4.11 ms, found 4 plugins.
Preloading 0 native plugins for Editor in 0.00 ms.
Unloading 6687 Unused Serialized files (Serialized files now loaded: 0)
Unloading 52 unused Assets / (1.1 MB). Loaded Objects now: 7516.
Memory consumption went from 245.6 MB to 244.4 MB.
Total: 6.316500 ms (FindLiveObjects: 0.841500 ms CreateObjectMapping: 0.330000 ms MarkObjects: 4.656400 ms  DeleteObjects: 0.486200 ms)

Prepare: number of updated asset objects reloaded= 0
AssetImportParameters requested are different than current active one (requested -> active):
  custom:container-demuxer-ogg: 62fdf1f143b41e24485cea50d1cbac27 -> 
  custom:framework-win-MediaFoundation: 216162199b28c13a410421893ffa2e32 -> 
  custom:container-muxer-webm: aa71ff27fc2769a1b78a27578f13a17b -> 
  custom:video-decoder-webm-vp8: 9c59270c3fd7afecdb556c50c9e8de78 -> 
  custom:SearchIndexIgnoredProperties: e643bd26f0fe6173181afceb89e7c659 -> 
  custom:AudioImporter_EditorPlatform: d09bf68614088b80899f8185d706f6e7 -> 
  custom:audio-decoder-ogg-vorbis: bf7c407c2cedff20999df2af8eb42d56 -> 
  custom:audio-encoder-webm-vorbis: bf7c407c2cedff20999df2af8eb42d56 -> 
  custom:video-decoder-ogg-theora: a1e56fd34408186e4bbccfd4996cb3dc -> 
  custom:CustomObjectIndexerAttribute: 4d1d7186bcbbfe361de5f0ad951e585c -> 
  custom:container-demuxer-webm: 4f35f7cbe854078d1ac9338744f61a02 -> 
  custom:video-encoder-webm-vp8: eb34c28f22e8b96e1ab97ce403110664 -> 
========================================================================
Received Import Request.
  Time since last request: 99.734395 seconds.
  path: Assets/HappyHarvest/Art/UI/Sprite_Button_Blue.png
  artifactKey: Guid(f4ed70e9a197ed14cbaaba89ea27dd68) Importer(815301076,1909f56bfc062723c751e8b465ee728b)
Start importing Assets/HappyHarvest/Art/UI/Sprite_Button_Blue.png using Guid(f4ed70e9a197ed14cbaaba89ea27dd68) Importer(815301076,1909f56bfc062723c751e8b465ee728b)  -> (artifact id: '82554856454399ab8baaa3f411ed5ab4') in 0.159922 seconds
Number of updated asset objects reloaded before import = 0
Number of asset objects unloaded after import = 3
========================================================================
Received Import Request.
  Time since last request: 0.000030 seconds.
  path: Assets/HappyHarvest/Art/UI/Sprite_Target.png
  artifactKey: Guid(8fc99e7f9da31aa489ceec2b758dc279) Importer(815301076,1909f56bfc062723c751e8b465ee728b)
Start importing Assets/HappyHarvest/Art/UI/Sprite_Target.png using Guid(8fc99e7f9da31aa489ceec2b758dc279) Importer(815301076,1909f56bfc062723c751e8b465ee728b)  -> (artifact id: '39afb0fe92b03daa4524337f67a87609') in 0.036048 seconds
Number of updated asset objects reloaded before import = 0
Number of asset objects unloaded after import = 3
========================================================================
Received Import Request.
  Time since last request: 0.000080 seconds.
  path: Assets/HappyHarvest/Art/UI/Sprite_Target_selected.png
  artifactKey: Guid(c4a48b108b417e14bae44bffb5c6b288) Importer(815301076,1909f56bfc062723c751e8b465ee728b)
Start importing Assets/HappyHarvest/Art/UI/Sprite_Target_selected.png using Guid(c4a48b108b417e14bae44bffb5c6b288) Importer(815301076,1909f56bfc062723c751e8b465ee728b)  -> (artifact id: 'c50f039fab998ee072684c1fb8ddae9b') in 0.043827 seconds
Number of updated asset objects reloaded before import = 0
Number of asset objects unloaded after import = 3
========================================================================
Received Import Request.
  Time since last request: 0.000028 seconds.
  path: Assets/HappyHarvest/Art/UI/Sprite_HappyHarvest_logo.png
  artifactKey: Guid(ba20239b830641c438e669230d818c7a) Importer(815301076,1909f56bfc062723c751e8b465ee728b)
Start importing Assets/HappyHarvest/Art/UI/Sprite_HappyHarvest_logo.png using Guid(ba20239b830641c438e669230d818c7a) Importer(815301076,1909f56bfc062723c751e8b465ee728b)  -> (artifact id: '67881627adbdc5d3e4570a264543bc4c') in 0.043118 seconds
Number of updated asset objects reloaded before import = 0
Number of asset objects unloaded after import = 3
========================================================================
Received Import Request.
  Time since last request: 0.000036 seconds.
  path: Assets/HappyHarvest/Art/UI/Texture_CursorHand.png
  artifactKey: Guid(87925112ffdd71c4fa7643a786f32bb6) Importer(815301076,1909f56bfc062723c751e8b465ee728b)
Start importing Assets/HappyHarvest/Art/UI/Texture_CursorHand.png using Guid(87925112ffdd71c4fa7643a786f32bb6) Importer(815301076,1909f56bfc062723c751e8b465ee728b)  -> (artifact id: '2acf941cdd81a0ad2add35efd17cb864') in 0.032059 seconds
Number of updated asset objects reloaded before import = 0
Number of asset objects unloaded after import = 2
========================================================================
Received Import Request.
  Time since last request: 0.000043 seconds.
  path: Assets/HappyHarvest/Art/UI/Sprite_clock_icon.png
  artifactKey: Guid(dfe68871e6ec04238b78d286ed7be87b) Importer(815301076,1909f56bfc062723c751e8b465ee728b)
Start importing Assets/HappyHarvest/Art/UI/Sprite_clock_icon.png using Guid(dfe68871e6ec04238b78d286ed7be87b) Importer(815301076,1909f56bfc062723c751e8b465ee728b)  -> (artifact id: '1e75661f8adb4c7c24eac247da9c4e70') in 0.048243 seconds
Number of updated asset objects reloaded before import = 0
Number of asset objects unloaded after import = 3
========================================================================
Received Import Request.
  Time since last request: 5.531510 seconds.
  path: Assets/HappyHarvest/Art/Environment/Grass/Grass_Clump_01/Prefab_grass_clump_01.prefab
  artifactKey: Guid(a0d3562f9a0f2f24785bedf296f9423e) Importer(815301076,1909f56bfc062723c751e8b465ee728b)
Start importing Assets/HappyHarvest/Art/Environment/Grass/Grass_Clump_01/Prefab_grass_clump_01.prefab using Guid(a0d3562f9a0f2f24785bedf296f9423e) Importer(815301076,1909f56bfc062723c751e8b465ee728b)  -> (artifact id: 'fcf9dee9b5f1d4a7ea23d65a5b7cc930') in 0.310297 seconds
Number of updated asset objects reloaded before import = 0
Number of asset objects unloaded after import = 28
========================================================================
Received Prepare
Begin MonoManager ReloadAssembly
- Loaded All Assemblies, in  0.628 seconds
Refreshing native plugins compatible for Editor in 3.18 ms, found 4 plugins.
Native extension for WindowsStandalone target not found
Native extension for WebGL target not found
[Package Manager] Server::EnsureServerProcessIsRunning -- launch failed, reason: Unity was launched with the -noUpm command-line argument
[Package Manager] UpmClient::Send -- Unable to send message (not connected to UPM process).
[Package Manager] Cannot connect to Unity Package Manager local server
Mono: successfully reloaded assembly
- Finished resetting the current domain, in  1.808 seconds
Domain Reload Profiling: 2433ms
	BeginReloadAssembly (211ms)
		ExecutionOrderSort (0ms)
		DisableScriptedObjects (19ms)
		BackupInstance (0ms)
		ReleaseScriptingObjects (0ms)
		CreateAndSetChildDomain (57ms)
	RebuildCommonClasses (43ms)
	RebuildNativeTypeToScriptingClass (16ms)
	initialDomainReloadingComplete (36ms)
	LoadAllAssembliesAndSetupDomain (319ms)
		LoadAssemblies (392ms)
		RebuildTransferFunctionScriptingTraits (0ms)
		AnalyzeDomain (24ms)
			TypeCache.Refresh (7ms)
				TypeCache.ScanAssembly (0ms)
			ScanForSourceGeneratedMonoScriptInfo (0ms)
			ResolveRequiredComponents (15ms)
	FinalizeReload (1808ms)
		ReleaseScriptCaches (0ms)
		RebuildScriptCaches (0ms)
		SetupLoadedEditorAssemblies (892ms)
			LogAssemblyErrors (0ms)
			InitializePlatformSupportModulesInManaged (14ms)
			SetLoadedEditorAssemblies (8ms)
			RefreshPlugins (0ms)
			BeforeProcessingInitializeOnLoad (143ms)
			ProcessInitializeOnLoadAttributes (593ms)
			ProcessInitializeOnLoadMethodAttributes (120ms)
			AfterProcessingInitializeOnLoad (14ms)
			EditorAssembliesLoaded (1ms)
		ExecutionOrderSort2 (0ms)
		AwakeInstancesAfterBackupRestoration (30ms)
Refreshing native plugins compatible for Editor in 3.61 ms, found 4 plugins.
Preloading 0 native plugins for Editor in 0.00 ms.
Unloading 6686 Unused Serialized files (Serialized files now loaded: 0)
Unloading 51 unused Assets / (1.1 MB). Loaded Objects now: 7577.
Memory consumption went from 247.2 MB to 246.0 MB.
Total: 5.218900 ms (FindLiveObjects: 0.708700 ms CreateObjectMapping: 0.468900 ms MarkObjects: 3.664300 ms  DeleteObjects: 0.375500 ms)

Prepare: number of updated asset objects reloaded= 0
AssetImportParameters requested are different than current active one (requested -> active):
  custom:container-demuxer-ogg: 62fdf1f143b41e24485cea50d1cbac27 -> 
  custom:framework-win-MediaFoundation: 216162199b28c13a410421893ffa2e32 -> 
  custom:container-muxer-webm: aa71ff27fc2769a1b78a27578f13a17b -> 
  custom:video-decoder-webm-vp8: 9c59270c3fd7afecdb556c50c9e8de78 -> 
  custom:SearchIndexIgnoredProperties: e643bd26f0fe6173181afceb89e7c659 -> 
  custom:AudioImporter_EditorPlatform: d09bf68614088b80899f8185d706f6e7 -> 
  custom:audio-decoder-ogg-vorbis: bf7c407c2cedff20999df2af8eb42d56 -> 
  custom:audio-encoder-webm-vorbis: bf7c407c2cedff20999df2af8eb42d56 -> 
  custom:video-decoder-ogg-theora: a1e56fd34408186e4bbccfd4996cb3dc -> 
  custom:CustomObjectIndexerAttribute: 4d1d7186bcbbfe361de5f0ad951e585c -> 
  custom:container-demuxer-webm: 4f35f7cbe854078d1ac9338744f61a02 -> 
  custom:video-encoder-webm-vp8: eb34c28f22e8b96e1ab97ce403110664 -> 
========================================================================
Received Prepare
Begin MonoManager ReloadAssembly
- Loaded All Assemblies, in  0.585 seconds
Refreshing native plugins compatible for Editor in 4.23 ms, found 4 plugins.
Native extension for WindowsStandalone target not found
Native extension for WebGL target not found
[Package Manager] Server::EnsureServerProcessIsRunning -- launch failed, reason: Unity was launched with the -noUpm command-line argument
[Package Manager] UpmClient::Send -- Unable to send message (not connected to UPM process).
[Package Manager] Cannot connect to Unity Package Manager local server
Mono: successfully reloaded assembly
- Finished resetting the current domain, in  1.607 seconds
Domain Reload Profiling: 2190ms
	BeginReloadAssembly (194ms)
		ExecutionOrderSort (0ms)
		DisableScriptedObjects (13ms)
		BackupInstance (0ms)
		ReleaseScriptingObjects (0ms)
		CreateAndSetChildDomain (50ms)
	RebuildCommonClasses (39ms)
	RebuildNativeTypeToScriptingClass (14ms)
	initialDomainReloadingComplete (33ms)
	LoadAllAssembliesAndSetupDomain (302ms)
		LoadAssemblies (367ms)
		RebuildTransferFunctionScriptingTraits (0ms)
		AnalyzeDomain (27ms)
			TypeCache.Refresh (9ms)
				TypeCache.ScanAssembly (0ms)
			ScanForSourceGeneratedMonoScriptInfo (0ms)
			ResolveRequiredComponents (16ms)
	FinalizeReload (1608ms)
		ReleaseScriptCaches (0ms)
		RebuildScriptCaches (0ms)
		SetupLoadedEditorAssemblies (704ms)
			LogAssemblyErrors (0ms)
			InitializePlatformSupportModulesInManaged (10ms)
			SetLoadedEditorAssemblies (6ms)
			RefreshPlugins (0ms)
			BeforeProcessingInitializeOnLoad (118ms)
			ProcessInitializeOnLoadAttributes (475ms)
			ProcessInitializeOnLoadMethodAttributes (86ms)
			AfterProcessingInitializeOnLoad (9ms)
			EditorAssembliesLoaded (0ms)
		ExecutionOrderSort2 (0ms)
		AwakeInstancesAfterBackupRestoration (23ms)
Refreshing native plugins compatible for Editor in 4.48 ms, found 4 plugins.
Preloading 0 native plugins for Editor in 0.00 ms.
Unloading 6686 Unused Serialized files (Serialized files now loaded: 0)
Unloading 51 unused Assets / (1.1 MB). Loaded Objects now: 7594.
Memory consumption went from 249.0 MB to 247.9 MB.
Total: 7.714100 ms (FindLiveObjects: 1.240000 ms CreateObjectMapping: 0.884600 ms MarkObjects: 5.016200 ms  DeleteObjects: 0.570100 ms)

Prepare: number of updated asset objects reloaded= 0
AssetImportParameters requested are different than current active one (requested -> active):
  custom:container-demuxer-ogg: 62fdf1f143b41e24485cea50d1cbac27 -> 
  custom:framework-win-MediaFoundation: 216162199b28c13a410421893ffa2e32 -> 
  custom:container-muxer-webm: aa71ff27fc2769a1b78a27578f13a17b -> 
  custom:video-decoder-webm-vp8: 9c59270c3fd7afecdb556c50c9e8de78 -> 
  custom:SearchIndexIgnoredProperties: e643bd26f0fe6173181afceb89e7c659 -> 
  custom:AudioImporter_EditorPlatform: d09bf68614088b80899f8185d706f6e7 -> 
  custom:audio-decoder-ogg-vorbis: bf7c407c2cedff20999df2af8eb42d56 -> 
  custom:audio-encoder-webm-vorbis: bf7c407c2cedff20999df2af8eb42d56 -> 
  custom:video-decoder-ogg-theora: a1e56fd34408186e4bbccfd4996cb3dc -> 
  custom:CustomObjectIndexerAttribute: 4d1d7186bcbbfe361de5f0ad951e585c -> 
  custom:container-demuxer-webm: 4f35f7cbe854078d1ac9338744f61a02 -> 
  custom:video-encoder-webm-vp8: eb34c28f22e8b96e1ab97ce403110664 -> 
